2018-10-22 08:51:16,413 [Worker-6: Loading available Gradle versions] INFO  c.g.t.t.d.PublishedGradleVersions - Gradle version information cache is not available. Remote download required.
2018-10-30 15:28:33,183 [Worker-1: Loading available Gradle versions] INFO  c.g.t.t.d.PublishedGradleVersions - Gradle version information cache is out-of-date. Trying to update.
2018-11-07 07:24:19,015 [Worker-4: Loading available Gradle versions] INFO  c.g.t.t.d.PublishedGradleVersions - Gradle version information cache is out-of-date. Trying to update.
2018-12-17 17:41:36,868 [Worker-0: Loading available Gradle versions] INFO  c.g.t.t.d.PublishedGradleVersions - Gradle version information cache is up-to-date. Trying to read.
2018-12-17 17:43:52,747 [Worker-0: Loading available Gradle versions] INFO  c.g.t.t.d.PublishedGradleVersions - Gradle version information cache is up-to-date. Trying to read.
2018-12-17 18:09:29,686 [Worker-0: Loading available Gradle versions] INFO  c.g.t.t.d.PublishedGradleVersions - Gradle version information cache is up-to-date. Trying to read.
2018-12-17 18:12:48,392 [Worker-18: Creating project "ws_example"] INFO  o.e.m.c.i.l.LifecycleMappingFactory - Using org.eclipse.m2e.jdt.JarLifecycleMapping lifecycle mapping for MavenProject: de.tuc.in.meclab.wi3:ws_example:0.0.1-SNAPSHOT @ C:\Users\tim1w\eclipse-workspace\ws_example\pom.xml.
2018-12-17 18:12:49,160 [Worker-18: Creating project "ws_example"] INFO  o.e.m.j.i.AbstractJavaProjectConfigurator - Adding source folder /ws_example/src/main/java
2018-12-17 18:12:49,161 [Worker-18: Creating project "ws_example"] INFO  o.e.m.j.i.AbstractJavaProjectConfigurator - Adding resource folder /ws_example/src/main/resources
2018-12-17 18:12:49,162 [Worker-18: Creating project "ws_example"] INFO  o.e.m.j.i.AbstractJavaProjectConfigurator - Adding source folder /ws_example/src/test/java
2018-12-17 18:12:49,162 [Worker-18: Creating project "ws_example"] INFO  o.e.m.j.i.AbstractJavaProjectConfigurator - Adding resource folder /ws_example/src/test/resources
2018-12-17 18:12:50,120 [Worker-16: Building workspace] WARN  o.e.m.c.i.embedder.EclipseLogger - Using platform encoding (Cp1252 actually) to copy filtered resources, i.e. build is platform dependent!
2018-12-17 18:12:50,126 [Worker-16: Building workspace] INFO  o.e.m.c.i.embedder.EclipseLogger - Copying 0 resource
2018-12-17 18:12:50,128 [Worker-16: Building workspace] WARN  o.e.m.c.i.embedder.EclipseLogger - Using platform encoding (Cp1252 actually) to copy filtered resources, i.e. build is platform dependent!
2018-12-17 18:12:50,130 [Worker-16: Building workspace] INFO  o.e.m.c.i.embedder.EclipseLogger - Copying 0 resource
2018-12-17 18:14:55,380 [Worker-16: Creating project "ws_example"] INFO  o.e.m.c.i.l.LifecycleMappingFactory - Using org.eclipse.m2e.jdt.JarLifecycleMapping lifecycle mapping for MavenProject: de.tuc.in.meclab.wi3:ws_example:0.0.1-SNAPSHOT @ C:\Users\tim1w\eclipse-workspace\ws_example\pom.xml.
2018-12-17 18:14:55,773 [Worker-16: Creating project "ws_example"] INFO  o.e.m.j.i.AbstractJavaProjectConfigurator - Adding source folder /ws_example/src/main/java
2018-12-17 18:14:55,774 [Worker-16: Creating project "ws_example"] INFO  o.e.m.j.i.AbstractJavaProjectConfigurator - Adding resource folder /ws_example/src/main/resources
2018-12-17 18:14:55,774 [Worker-16: Creating project "ws_example"] INFO  o.e.m.j.i.AbstractJavaProjectConfigurator - Adding source folder /ws_example/src/test/java
2018-12-17 18:14:55,775 [Worker-16: Creating project "ws_example"] INFO  o.e.m.j.i.AbstractJavaProjectConfigurator - Adding resource folder /ws_example/src/test/resources
2018-12-17 18:14:56,033 [Worker-20: Building workspace] WARN  o.e.m.c.i.embedder.EclipseLogger - Using platform encoding (Cp1252 actually) to copy filtered resources, i.e. build is platform dependent!
2018-12-17 18:14:56,035 [Worker-20: Building workspace] INFO  o.e.m.c.i.embedder.EclipseLogger - Copying 0 resource
2018-12-17 18:14:56,037 [Worker-20: Building workspace] WARN  o.e.m.c.i.embedder.EclipseLogger - Using platform encoding (Cp1252 actually) to copy filtered resources, i.e. build is platform dependent!
2018-12-17 18:14:56,038 [Worker-20: Building workspace] INFO  o.e.m.c.i.embedder.EclipseLogger - Copying 0 resource
2018-12-17 18:16:24,419 [Worker-15: Creating project "ws_example"] INFO  o.e.m.c.i.l.LifecycleMappingFactory - Using org.eclipse.m2e.jdt.JarLifecycleMapping lifecycle mapping for MavenProject: de.tuc.in.meclab.wi3:ws_example:0.0.1-SNAPSHOT @ C:\Users\tim1w\eclipse-workspace\ws_example\pom.xml.
2018-12-17 18:16:24,963 [Worker-15: Creating project "ws_example"] INFO  o.e.m.j.i.AbstractJavaProjectConfigurator - Adding source folder /ws_example/src/main/java
2018-12-17 18:16:24,965 [Worker-15: Creating project "ws_example"] INFO  o.e.m.j.i.AbstractJavaProjectConfigurator - Adding resource folder /ws_example/src/main/resources
2018-12-17 18:16:24,965 [Worker-15: Creating project "ws_example"] INFO  o.e.m.j.i.AbstractJavaProjectConfigurator - Adding source folder /ws_example/src/test/java
2018-12-17 18:16:24,965 [Worker-15: Creating project "ws_example"] INFO  o.e.m.j.i.AbstractJavaProjectConfigurator - Adding resource folder /ws_example/src/test/resources
2018-12-17 18:16:25,543 [Worker-11: Building workspace] WARN  o.e.m.c.i.embedder.EclipseLogger - Using platform encoding (Cp1252 actually) to copy filtered resources, i.e. build is platform dependent!
2018-12-17 18:16:25,549 [Worker-11: Building workspace] INFO  o.e.m.c.i.embedder.EclipseLogger - Copying 0 resource
2018-12-17 18:16:25,551 [Worker-11: Building workspace] WARN  o.e.m.c.i.embedder.EclipseLogger - Using platform encoding (Cp1252 actually) to copy filtered resources, i.e. build is platform dependent!
2018-12-17 18:16:25,553 [Worker-11: Building workspace] INFO  o.e.m.c.i.embedder.EclipseLogger - Copying 0 resource
2018-12-17 19:01:54,996 [Worker-4: Creating project "ws_example"] INFO  o.e.m.c.i.l.LifecycleMappingFactory - Using org.eclipse.m2e.jdt.JarLifecycleMapping lifecycle mapping for MavenProject: de.tuc.in.meclab.wi3:ws_example:0.0.1-SNAPSHOT @ C:\Users\tim1w\eclipse-workspace\ws_example\pom.xml.
2018-12-17 19:01:55,538 [Worker-4: Creating project "ws_example"] INFO  o.e.m.j.i.AbstractJavaProjectConfigurator - Adding source folder /ws_example/src/main/java
2018-12-17 19:01:55,540 [Worker-4: Creating project "ws_example"] INFO  o.e.m.j.i.AbstractJavaProjectConfigurator - Adding resource folder /ws_example/src/main/resources
2018-12-17 19:01:55,540 [Worker-4: Creating project "ws_example"] INFO  o.e.m.j.i.AbstractJavaProjectConfigurator - Adding source folder /ws_example/src/test/java
2018-12-17 19:01:55,540 [Worker-4: Creating project "ws_example"] INFO  o.e.m.j.i.AbstractJavaProjectConfigurator - Adding resource folder /ws_example/src/test/resources
2018-12-17 19:01:55,937 [Worker-8: Building workspace] WARN  o.e.m.c.i.embedder.EclipseLogger - Using platform encoding (Cp1252 actually) to copy filtered resources, i.e. build is platform dependent!
2018-12-17 19:01:55,943 [Worker-8: Building workspace] INFO  o.e.m.c.i.embedder.EclipseLogger - Copying 0 resource
2018-12-17 19:01:55,946 [Worker-8: Building workspace] WARN  o.e.m.c.i.embedder.EclipseLogger - Using platform encoding (Cp1252 actually) to copy filtered resources, i.e. build is platform dependent!
2018-12-17 19:01:55,947 [Worker-8: Building workspace] INFO  o.e.m.c.i.embedder.EclipseLogger - Copying 0 resource
2018-12-17 19:04:44,797 [Worker-18: Creating project "ws_example"] INFO  o.e.m.c.i.l.LifecycleMappingFactory - Using org.eclipse.m2e.jdt.JarLifecycleMapping lifecycle mapping for MavenProject: de.tuc.in.meclab.wi3:ws_example:0.0.1-SNAPSHOT @ C:\Users\tim1w\eclipse-workspace\ws_example\pom.xml.
2018-12-17 19:04:45,166 [Worker-18: Creating project "ws_example"] INFO  o.e.m.j.i.AbstractJavaProjectConfigurator - Adding source folder /ws_example/src/main/java
2018-12-17 19:04:45,166 [Worker-18: Creating project "ws_example"] INFO  o.e.m.j.i.AbstractJavaProjectConfigurator - Adding resource folder /ws_example/src/main/resources
2018-12-17 19:04:45,167 [Worker-18: Creating project "ws_example"] INFO  o.e.m.j.i.AbstractJavaProjectConfigurator - Adding source folder /ws_example/src/test/java
2018-12-17 19:04:45,167 [Worker-18: Creating project "ws_example"] INFO  o.e.m.j.i.AbstractJavaProjectConfigurator - Adding resource folder /ws_example/src/test/resources
2018-12-17 19:04:45,424 [Worker-6: Building workspace] WARN  o.e.m.c.i.embedder.EclipseLogger - Using platform encoding (Cp1252 actually) to copy filtered resources, i.e. build is platform dependent!
2018-12-17 19:04:45,426 [Worker-6: Building workspace] INFO  o.e.m.c.i.embedder.EclipseLogger - Copying 0 resource
2018-12-17 19:04:45,428 [Worker-6: Building workspace] WARN  o.e.m.c.i.embedder.EclipseLogger - Using platform encoding (Cp1252 actually) to copy filtered resources, i.e. build is platform dependent!
2018-12-17 19:04:45,430 [Worker-6: Building workspace] INFO  o.e.m.c.i.embedder.EclipseLogger - Copying 0 resource
2018-12-19 04:25:07,823 [Worker-2: Creating project "ws_example"] INFO  o.e.m.c.i.l.LifecycleMappingFactory - Using org.eclipse.m2e.jdt.JarLifecycleMapping lifecycle mapping for MavenProject: de.tuc.in.meclab.wi3:ws_example:0.0.1-SNAPSHOT @ C:\Users\tim1w\eclipse-workspace\ws_example\pom.xml.
2018-12-19 04:25:08,380 [Worker-2: Creating project "ws_example"] INFO  o.e.m.j.i.AbstractJavaProjectConfigurator - Adding source folder /ws_example/src/main/java
2018-12-19 04:25:08,382 [Worker-2: Creating project "ws_example"] INFO  o.e.m.j.i.AbstractJavaProjectConfigurator - Adding resource folder /ws_example/src/main/resources
2018-12-19 04:25:08,383 [Worker-2: Creating project "ws_example"] INFO  o.e.m.j.i.AbstractJavaProjectConfigurator - Adding source folder /ws_example/src/test/java
2018-12-19 04:25:08,383 [Worker-2: Creating project "ws_example"] INFO  o.e.m.j.i.AbstractJavaProjectConfigurator - Adding resource folder /ws_example/src/test/resources
2018-12-19 04:25:08,916 [Worker-4: Building workspace] WARN  o.e.m.c.i.embedder.EclipseLogger - Using platform encoding (Cp1252 actually) to copy filtered resources, i.e. build is platform dependent!
2018-12-19 04:25:08,922 [Worker-4: Building workspace] INFO  o.e.m.c.i.embedder.EclipseLogger - Copying 0 resource
2018-12-19 04:25:08,924 [Worker-4: Building workspace] WARN  o.e.m.c.i.embedder.EclipseLogger - Using platform encoding (Cp1252 actually) to copy filtered resources, i.e. build is platform dependent!
2018-12-19 04:25:08,925 [Worker-4: Building workspace] INFO  o.e.m.c.i.embedder.EclipseLogger - Copying 0 resource
2019-04-25 10:23:26,759 [Worker-5: Building workspace] INFO  o.e.m.c.i.l.LifecycleMappingFactory - Using org.eclipse.m2e.jdt.JarLifecycleMapping lifecycle mapping for MavenProject: de.tuc.in.meclab.wi3:ws_example:0.0.1-SNAPSHOT @ C:\Users\tim1w\eclipse-workspace\ws_example\pom.xml.
2019-04-25 10:23:27,431 [Worker-5: Building workspace] WARN  o.e.m.c.i.embedder.EclipseLogger - Using platform encoding (Cp1252 actually) to copy filtered resources, i.e. build is platform dependent!
2019-04-25 10:23:27,442 [Worker-5: Building workspace] INFO  o.e.m.c.i.embedder.EclipseLogger - Copying 0 resource
2019-04-25 10:23:28,392 [Worker-5: Building workspace] WARN  o.e.m.c.i.embedder.EclipseLogger - Using platform encoding (Cp1252 actually) to copy filtered resources, i.e. build is platform dependent!
2019-04-25 10:23:28,393 [Worker-8: Updating Maven Dependencies] INFO  o.e.m.c.i.l.LifecycleMappingFactory - Using org.eclipse.m2e.jdt.JarLifecycleMapping lifecycle mapping for MavenProject: de.tuc.in.meclab.wi3:ws_example:0.0.1-SNAPSHOT @ C:\Users\tim1w\eclipse-workspace\ws_example\pom.xml.
2019-04-25 10:23:28,394 [Worker-5: Building workspace] INFO  o.e.m.c.i.embedder.EclipseLogger - Copying 0 resource
2019-04-25 10:23:29,455 [Worker-10: Building workspace] WARN  o.e.m.c.i.embedder.EclipseLogger - Using platform encoding (Cp1252 actually) to copy filtered resources, i.e. build is platform dependent!
2019-04-25 10:23:29,460 [Worker-10: Building workspace] INFO  o.e.m.c.i.embedder.EclipseLogger - Copying 0 resource
2019-04-25 10:23:29,462 [Worker-10: Building workspace] WARN  o.e.m.c.i.embedder.EclipseLogger - Using platform encoding (Cp1252 actually) to copy filtered resources, i.e. build is platform dependent!
2019-04-25 10:23:29,463 [Worker-10: Building workspace] INFO  o.e.m.c.i.embedder.EclipseLogger - Copying 0 resource
2019-04-25 10:28:34,174 [Worker-0: Loading available Gradle versions] INFO  o.e.b.c.i.u.g.PublishedGradleVersions - Gradle version information cache is out-of-date. Trying to update.
2019-04-26 21:12:07,348 [Worker-6: Loading available Gradle versions] INFO  o.e.b.c.i.u.g.PublishedGradleVersions - Gradle version information cache is up-to-date. Trying to read.
2019-05-06 09:23:14,196 [Worker-6: Loading available Gradle versions] INFO  o.e.b.c.i.u.g.PublishedGradleVersions - Gradle version information cache is out-of-date. Trying to update.
2019-05-07 19:03:08,550 [Worker-7: Loading available Gradle versions] INFO  o.e.b.c.i.u.g.PublishedGradleVersions - Gradle version information cache is up-to-date. Trying to read.
2019-08-29 10:07:35,912 [Worker-1: Loading available Gradle versions] INFO  o.e.b.c.i.u.g.PublishedGradleVersions - Gradle version information cache is out-of-date. Trying to update.
2020-04-27 11:28:56,395 [Worker-4: Loading available Gradle versions] INFO  o.e.b.c.i.u.g.PublishedGradleVersions - Gradle version information cache is up-to-date. Trying to read.
2020-04-27 11:29:42,781 [Worker-8: Building workspace] WARN  o.e.m.c.i.embedder.EclipseLogger - Using platform encoding (Cp1252 actually) to copy filtered resources, i.e. build is platform dependent!
2020-04-27 11:29:42,787 [Worker-8: Building workspace] INFO  o.e.m.c.i.embedder.EclipseLogger - Copying 0 resource
2020-04-27 11:29:42,790 [Worker-8: Building workspace] WARN  o.e.m.c.i.embedder.EclipseLogger - Using platform encoding (Cp1252 actually) to copy filtered resources, i.e. build is platform dependent!
2020-04-27 11:29:42,791 [Worker-8: Building workspace] INFO  o.e.m.c.i.embedder.EclipseLogger - Copying 0 resource
2020-04-27 15:49:39,753 [Worker-0: Loading available Gradle versions] INFO  o.e.b.c.i.u.g.PublishedGradleVersions - Gradle version information cache is up-to-date. Trying to read.
2020-04-27 15:49:40,908 [Worker-6: Building workspace] WARN  o.e.m.c.i.embedder.EclipseLogger - Using platform encoding (Cp1252 actually) to copy filtered resources, i.e. build is platform dependent!
2020-04-27 15:49:40,916 [Worker-6: Building workspace] INFO  o.e.m.c.i.embedder.EclipseLogger - Copying 0 resource
2020-04-27 15:49:40,920 [Worker-6: Building workspace] WARN  o.e.m.c.i.embedder.EclipseLogger - Using platform encoding (Cp1252 actually) to copy filtered resources, i.e. build is platform dependent!
2020-04-27 15:49:40,922 [Worker-6: Building workspace] INFO  o.e.m.c.i.embedder.EclipseLogger - Copying 0 resource
2020-04-30 06:58:03,155 [Worker-0: Loading available Gradle versions] INFO  o.e.b.c.i.u.g.PublishedGradleVersions - Gradle version information cache is out-of-date. Trying to update.
